
> dashboard@0.1.0 server:dev
> cd server && npm run dev


> sol-analytics-backend@1.0.0 dev
> tsx watch src/index.ts

Supabase Environment Check: {
  hasSupabaseUrl: true,
  hasSupabaseKey: true,
  urlSource: 'REACT_APP_SUPABASE_URL',
  keySource: 'REACT_APP_SUPABASE_ANON_KEY',
  urlLength: 40,
  keyLength: 208
}
🚀 Sol Analytics API server running on port 3001
📊 Health check: http://localhost:3001/health
🔌 API endpoints:
   - Protocols (Legacy): http://localhost:3001/api/protocols
   - Protocols (Unified): http://localhost:3001/api/unified
   - Data Update: http://localhost:3001/api/data-update
   - Protocol Config: http://localhost:3001/api/protocol-config
   - Launchpads: http://localhost:3001/api/launchpads
protocol_configurations table verified successfully
2025-07-29T15:40:43.748Z - POST /api/data-update/sync/launchpad/letsbonk
Starting data sync for launchpad: letsbonk...

=== LAUNCHPAD SYNC DEBUG ===
Launchpad: letsbonk
============================

Using query IDs: 4992859
Starting data sync for launchpad: letsbonk...
Processing 1 queries for letsbonk...

=== LAUNCHPAD DOWNLOAD DEBUG ===
Launchpad: letsbonk
Query ID: 4992859
Query Index: 1
URL: https://api.dune.com/api/v1/query/4992859/results/csv?api_key=[API_KEY]
=================================

Fetching data for letsbonk query 1 (ID: 4992859)...
Response status: 200 OK
CSV data length: 3505 characters
CSV data preview (first 200 chars): block_date,token_launches,token_migrations
2025-07-29 00:00:00.000 UTC,8655,109
2025-07-28 00:00:00.000 UTC,22554,265
2025-07-27 00:00:00.000 UTC,15626,139
2025-07-26 00:00:00.000 UTC,18495,183
2025-0
Parse result: 96 rows, 0 errors
Successfully fetched 96 rows for letsbonk query 1
Sample row: {
  block_date: '2025-07-29 00:00:00.000 UTC',
  token_launches: '8655',
  token_migrations: '109'
}
Merged 96 unique date records for letsbonk
Successfully created merged file for letsbonk: /Users/sairaghavaa/Documents/GitHub/sol-analytics/server/public/data/launchpads/letsbonk.csv
Downloaded data for letsbonk successfully
--- Importing /Users/sairaghavaa/Documents/GitHub/sol-analytics/server/public/data/launchpads/letsbonk.csv ---

=== LAUNCHPAD DELETE DEBUG ===
Deleting existing data for letsbonk...
Successfully deleted existing data for letsbonk
===============================

Debug: First row mapped data: { launchpad_name: 'letsbonk' }

=== LAUNCHPAD INSERT DEBUG ===
Total rows to insert: 96
First row sample: {
  "date": "2025-04-25",
  "launches": "2201",
  "graduations": "57",
  "launchpad_name": "letsbonk"
}
===============================

Inserting batch 1, rows 1-96
Sample row from batch: { launchpad_name: 'letsbonk', date: '2025-04-25' }
Batch 1 inserted successfully! Rows inserted in this batch: 96
All data from letsbonk.csv inserted successfully!
Total rows actually inserted for letsbonk.csv: 96
Imported 96 rows for letsbonk
2025-07-29T15:40:55.332Z - GET /api/launchpads/metrics
Fetched 516 launchpad records for pumpfun with timeframe all
LaunchpadAPI: Filtered out most recent date 2025-07-29. Records: 516 -> 515
2025-07-29T15:40:57.241Z - GET /api/launchpads/metrics
Fetched 106 launchpad records for launchlab with timeframe all
LaunchpadAPI: Filtered out most recent date 2025-07-29. Records: 106 -> 105
2025-07-29T15:40:59.601Z - GET /api/launchpads/metrics
Fetched 96 launchpad records for letsbonk with timeframe all
LaunchpadAPI: Filtered out most recent date 2025-07-29. Records: 96 -> 95
2025-07-29T15:41:10.842Z - GET /api/launchpads/metrics
2025-07-29T15:41:12.838Z - GET /api/launchpads/metrics
2025-07-29T15:41:14.487Z - GET /api/launchpads/metrics
2025-07-29T15:41:15.754Z - GET /api/launchpads/metrics
2025-07-29T15:41:18.751Z - GET /api/launchpads/metrics
2025-07-29T15:41:25.664Z - GET /api/launchpads/metrics
2025-07-29T15:42:00.347Z - GET /api/data-update/status
5:46:11 PM [tsx] change in ./src/services/launchpadDataService.ts Restarting...
cSupabase Environment Check: {
  hasSupabaseUrl: true,
  hasSupabaseKey: true,
  urlSource: 'REACT_APP_SUPABASE_URL',
  keySource: 'REACT_APP_SUPABASE_ANON_KEY',
  urlLength: 40,
  keyLength: 208
}
node:events:492
      throw er; // Unhandled 'error' event
      ^

Error: listen EADDRINUSE: address already in use :::3001
    at __node_internal_captureLargerStackTrace (node:internal/errors:496:5)
    at __node_internal_uvExceptionWithHostPort (node:internal/errors:593:12)
    at Server.setupListenHandle [as _listen2] (node:net:1872:16)
    at listenInCluster (node:net:1920:12)
    at Server.listen (node:net:2008:7)
    at Function.listen (/Users/sairaghavaa/Documents/GitHub/sol-analytics/server/node_modules/express/lib/application.js:635:24)
    at <anonymous> (/Users/sairaghavaa/Documents/GitHub/sol-analytics/server/src/index.ts:67:5)
    at ModuleJob.run (node:internal/modules/esm/module_job:192:25)
    at async CustomizedModuleLoader.import (node:internal/modules/esm/loader:228:24)
    at async loadESM (node:internal/process/esm_loader:40:7)
    at async handleMainPromise (node:internal/modules/run_main:66:12)
Emitted 'error' event on Server instance at:
    at emitErrorNT (node:net:1899:8)
    at process.processTicksAndRejections (node:internal/process/task_queues:82:21) {
  code: 'EADDRINUSE',
  errno: -48,
  syscall: 'listen',
  address: '::',
  port: 3001
}

Node.js v20.5.0
6:15:51 PM [tsx] change in ./src/services/protocolService.ts Rerunning...
cSupabase Environment Check: {
  hasSupabaseUrl: true,
  hasSupabaseKey: true,
  urlSource: 'REACT_APP_SUPABASE_URL',
  keySource: 'REACT_APP_SUPABASE_ANON_KEY',
  urlLength: 40,
  keyLength: 208
}
node:events:492
      throw er; // Unhandled 'error' event
      ^

Error: listen EADDRINUSE: address already in use :::3001
    at __node_internal_captureLargerStackTrace (node:internal/errors:496:5)
    at __node_internal_uvExceptionWithHostPort (node:internal/errors:593:12)
    at Server.setupListenHandle [as _listen2] (node:net:1872:16)
    at listenInCluster (node:net:1920:12)
    at Server.listen (node:net:2008:7)
    at Function.listen (/Users/sairaghavaa/Documents/GitHub/sol-analytics/server/node_modules/express/lib/application.js:635:24)
    at <anonymous> (/Users/sairaghavaa/Documents/GitHub/sol-analytics/server/src/index.ts:67:5)
    at ModuleJob.run (node:internal/modules/esm/module_job:192:25)
    at async CustomizedModuleLoader.import (node:internal/modules/esm/loader:228:24)
    at async loadESM (node:internal/process/esm_loader:40:7)
    at async handleMainPromise (node:internal/modules/run_main:66:12)
Emitted 'error' event on Server instance at:
    at emitErrorNT (node:net:1899:8)
    at process.processTicksAndRejections (node:internal/process/task_queues:82:21) {
  code: 'EADDRINUSE',
  errno: -48,
  syscall: 'listen',
  address: '::',
  port: 3001
}

Node.js v20.5.0
6:16:05 PM [tsx] change in ./src/services/protocolService.ts Rerunning...
cSupabase Environment Check: {
  hasSupabaseUrl: true,
  hasSupabaseKey: true,
  urlSource: 'REACT_APP_SUPABASE_URL',
  keySource: 'REACT_APP_SUPABASE_ANON_KEY',
  urlLength: 40,
  keyLength: 208
}
node:events:492
      throw er; // Unhandled 'error' event
      ^

Error: listen EADDRINUSE: address already in use :::3001
    at __node_internal_captureLargerStackTrace (node:internal/errors:496:5)
    at __node_internal_uvExceptionWithHostPort (node:internal/errors:593:12)
    at Server.setupListenHandle [as _listen2] (node:net:1872:16)
    at listenInCluster (node:net:1920:12)
    at Server.listen (node:net:2008:7)
    at Function.listen (/Users/sairaghavaa/Documents/GitHub/sol-analytics/server/node_modules/express/lib/application.js:635:24)
    at <anonymous> (/Users/sairaghavaa/Documents/GitHub/sol-analytics/server/src/index.ts:67:5)
    at ModuleJob.run (node:internal/modules/esm/module_job:192:25)
    at async CustomizedModuleLoader.import (node:internal/modules/esm/loader:228:24)
    at async loadESM (node:internal/process/esm_loader:40:7)
    at async handleMainPromise (node:internal/modules/run_main:66:12)
Emitted 'error' event on Server instance at:
    at emitErrorNT (node:net:1899:8)
    at process.processTicksAndRejections (node:internal/process/task_queues:82:21) {
  code: 'EADDRINUSE',
  errno: -48,
  syscall: 'listen',
  address: '::',
  port: 3001
}

Node.js v20.5.0
6:16:35 PM [tsx] change in ./src/services/protocolService.ts Rerunning...
cSupabase Environment Check: {
  hasSupabaseUrl: true,
  hasSupabaseKey: true,
  urlSource: 'REACT_APP_SUPABASE_URL',
  keySource: 'REACT_APP_SUPABASE_ANON_KEY',
  urlLength: 40,
  keyLength: 208
}
node:events:492
      throw er; // Unhandled 'error' event
      ^

Error: listen EADDRINUSE: address already in use :::3001
    at __node_internal_captureLargerStackTrace (node:internal/errors:496:5)
    at __node_internal_uvExceptionWithHostPort (node:internal/errors:593:12)
    at Server.setupListenHandle [as _listen2] (node:net:1872:16)
    at listenInCluster (node:net:1920:12)
    at Server.listen (node:net:2008:7)
    at Function.listen (/Users/sairaghavaa/Documents/GitHub/sol-analytics/server/node_modules/express/lib/application.js:635:24)
    at <anonymous> (/Users/sairaghavaa/Documents/GitHub/sol-analytics/server/src/index.ts:67:5)
    at ModuleJob.run (node:internal/modules/esm/module_job:192:25)
    at async CustomizedModuleLoader.import (node:internal/modules/esm/loader:228:24)
    at async loadESM (node:internal/process/esm_loader:40:7)
    at async handleMainPromise (node:internal/modules/run_main:66:12)
Emitted 'error' event on Server instance at:
    at emitErrorNT (node:net:1899:8)
    at process.processTicksAndRejections (node:internal/process/task_queues:82:21) {
  code: 'EADDRINUSE',
  errno: -48,
  syscall: 'listen',
  address: '::',
  port: 3001
}

Node.js v20.5.0
6:17:17 PM [tsx] change in ./src/services/protocolService.ts Rerunning...
cSupabase Environment Check: {
  hasSupabaseUrl: true,
  hasSupabaseKey: true,
  urlSource: 'REACT_APP_SUPABASE_URL',
  keySource: 'REACT_APP_SUPABASE_ANON_KEY',
  urlLength: 40,
  keyLength: 208
}
node:events:492
      throw er; // Unhandled 'error' event
      ^

Error: listen EADDRINUSE: address already in use :::3001
    at __node_internal_captureLargerStackTrace (node:internal/errors:496:5)
    at __node_internal_uvExceptionWithHostPort (node:internal/errors:593:12)
    at Server.setupListenHandle [as _listen2] (node:net:1872:16)
    at listenInCluster (node:net:1920:12)
    at Server.listen (node:net:2008:7)
    at Function.listen (/Users/sairaghavaa/Documents/GitHub/sol-analytics/server/node_modules/express/lib/application.js:635:24)
    at <anonymous> (/Users/sairaghavaa/Documents/GitHub/sol-analytics/server/src/index.ts:67:5)
    at ModuleJob.run (node:internal/modules/esm/module_job:192:25)
    at async CustomizedModuleLoader.import (node:internal/modules/esm/loader:228:24)
    at async loadESM (node:internal/process/esm_loader:40:7)
    at async handleMainPromise (node:internal/modules/run_main:66:12)
Emitted 'error' event on Server instance at:
    at emitErrorNT (node:net:1899:8)
    at process.processTicksAndRejections (node:internal/process/task_queues:82:21) {
  code: 'EADDRINUSE',
  errno: -48,
  syscall: 'listen',
  address: '::',
  port: 3001
}

Node.js v20.5.0
6:18:26 PM [tsx] change in ./src/services/protocolService.ts Rerunning...
cSupabase Environment Check: {
  hasSupabaseUrl: true,
  hasSupabaseKey: true,
  urlSource: 'REACT_APP_SUPABASE_URL',
  keySource: 'REACT_APP_SUPABASE_ANON_KEY',
  urlLength: 40,
  keyLength: 208
}
node:events:492
      throw er; // Unhandled 'error' event
      ^

Error: listen EADDRINUSE: address already in use :::3001
    at __node_internal_captureLargerStackTrace (node:internal/errors:496:5)
    at __node_internal_uvExceptionWithHostPort (node:internal/errors:593:12)
    at Server.setupListenHandle [as _listen2] (node:net:1872:16)
    at listenInCluster (node:net:1920:12)
    at Server.listen (node:net:2008:7)
    at Function.listen (/Users/sairaghavaa/Documents/GitHub/sol-analytics/server/node_modules/express/lib/application.js:635:24)
    at <anonymous> (/Users/sairaghavaa/Documents/GitHub/sol-analytics/server/src/index.ts:67:5)
    at ModuleJob.run (node:internal/modules/esm/module_job:192:25)
    at async CustomizedModuleLoader.import (node:internal/modules/esm/loader:228:24)
    at async loadESM (node:internal/process/esm_loader:40:7)
    at async handleMainPromise (node:internal/modules/run_main:66:12)
Emitted 'error' event on Server instance at:
    at emitErrorNT (node:net:1899:8)
    at process.processTicksAndRejections (node:internal/process/task_queues:82:21) {
  code: 'EADDRINUSE',
  errno: -48,
  syscall: 'listen',
  address: '::',
  port: 3001
}

Node.js v20.5.0
6:18:46 PM [tsx] change in ./src/services/protocolService.ts Rerunning...
cSupabase Environment Check: {
  hasSupabaseUrl: true,
  hasSupabaseKey: true,
  urlSource: 'REACT_APP_SUPABASE_URL',
  keySource: 'REACT_APP_SUPABASE_ANON_KEY',
  urlLength: 40,
  keyLength: 208
}
node:events:492
      throw er; // Unhandled 'error' event
      ^

Error: listen EADDRINUSE: address already in use :::3001
    at __node_internal_captureLargerStackTrace (node:internal/errors:496:5)
    at __node_internal_uvExceptionWithHostPort (node:internal/errors:593:12)
    at Server.setupListenHandle [as _listen2] (node:net:1872:16)
    at listenInCluster (node:net:1920:12)
    at Server.listen (node:net:2008:7)
    at Function.listen (/Users/sairaghavaa/Documents/GitHub/sol-analytics/server/node_modules/express/lib/application.js:635:24)
    at <anonymous> (/Users/sairaghavaa/Documents/GitHub/sol-analytics/server/src/index.ts:67:5)
    at ModuleJob.run (node:internal/modules/esm/module_job:192:25)
    at async CustomizedModuleLoader.import (node:internal/modules/esm/loader:228:24)
    at async loadESM (node:internal/process/esm_loader:40:7)
    at async handleMainPromise (node:internal/modules/run_main:66:12)
Emitted 'error' event on Server instance at:
    at emitErrorNT (node:net:1899:8)
    at process.processTicksAndRejections (node:internal/process/task_queues:82:21) {
  code: 'EADDRINUSE',
  errno: -48,
  syscall: 'listen',
  address: '::',
  port: 3001
}

Node.js v20.5.0
6:19:06 PM [tsx] change in ./src/services/protocolService.ts Rerunning...
cSupabase Environment Check: {
  hasSupabaseUrl: true,
  hasSupabaseKey: true,
  urlSource: 'REACT_APP_SUPABASE_URL',
  keySource: 'REACT_APP_SUPABASE_ANON_KEY',
  urlLength: 40,
  keyLength: 208
}
node:events:492
      throw er; // Unhandled 'error' event
      ^

Error: listen EADDRINUSE: address already in use :::3001
    at __node_internal_captureLargerStackTrace (node:internal/errors:496:5)
    at __node_internal_uvExceptionWithHostPort (node:internal/errors:593:12)
    at Server.setupListenHandle [as _listen2] (node:net:1872:16)
    at listenInCluster (node:net:1920:12)
    at Server.listen (node:net:2008:7)
    at Function.listen (/Users/sairaghavaa/Documents/GitHub/sol-analytics/server/node_modules/express/lib/application.js:635:24)
    at <anonymous> (/Users/sairaghavaa/Documents/GitHub/sol-analytics/server/src/index.ts:67:5)
    at ModuleJob.run (node:internal/modules/esm/module_job:192:25)
    at async CustomizedModuleLoader.import (node:internal/modules/esm/loader:228:24)
    at async loadESM (node:internal/process/esm_loader:40:7)
    at async handleMainPromise (node:internal/modules/run_main:66:12)
Emitted 'error' event on Server instance at:
    at emitErrorNT (node:net:1899:8)
    at process.processTicksAndRejections (node:internal/process/task_queues:82:21) {
  code: 'EADDRINUSE',
  errno: -48,
  syscall: 'listen',
  address: '::',
  port: 3001
}

Node.js v20.5.0
6:20:20 PM [tsx] change in ./src/services/protocolService.ts Rerunning...
cSupabase Environment Check: {
  hasSupabaseUrl: true,
  hasSupabaseKey: true,
  urlSource: 'REACT_APP_SUPABASE_URL',
  keySource: 'REACT_APP_SUPABASE_ANON_KEY',
  urlLength: 40,
  keyLength: 208
}
node:events:492
      throw er; // Unhandled 'error' event
      ^

Error: listen EADDRINUSE: address already in use :::3001
    at __node_internal_captureLargerStackTrace (node:internal/errors:496:5)
    at __node_internal_uvExceptionWithHostPort (node:internal/errors:593:12)
    at Server.setupListenHandle [as _listen2] (node:net:1872:16)
    at listenInCluster (node:net:1920:12)
    at Server.listen (node:net:2008:7)
    at Function.listen (/Users/sairaghavaa/Documents/GitHub/sol-analytics/server/node_modules/express/lib/application.js:635:24)
    at <anonymous> (/Users/sairaghavaa/Documents/GitHub/sol-analytics/server/src/index.ts:67:5)
    at ModuleJob.run (node:internal/modules/esm/module_job:192:25)
    at async CustomizedModuleLoader.import (node:internal/modules/esm/loader:228:24)
    at async loadESM (node:internal/process/esm_loader:40:7)
    at async handleMainPromise (node:internal/modules/run_main:66:12)
Emitted 'error' event on Server instance at:
    at emitErrorNT (node:net:1899:8)
    at process.processTicksAndRejections (node:internal/process/task_queues:82:21) {
  code: 'EADDRINUSE',
  errno: -48,
  syscall: 'listen',
  address: '::',
  port: 3001
}

Node.js v20.5.0
6:20:47 PM [tsx] change in ./src/routes/protocolRoutes.ts Rerunning...
cSupabase Environment Check: {
  hasSupabaseUrl: true,
  hasSupabaseKey: true,
  urlSource: 'REACT_APP_SUPABASE_URL',
  keySource: 'REACT_APP_SUPABASE_ANON_KEY',
  urlLength: 40,
  keyLength: 208
}
node:events:492
      throw er; // Unhandled 'error' event
      ^

Error: listen EADDRINUSE: address already in use :::3001
    at __node_internal_captureLargerStackTrace (node:internal/errors:496:5)
    at __node_internal_uvExceptionWithHostPort (node:internal/errors:593:12)
    at Server.setupListenHandle [as _listen2] (node:net:1872:16)
    at listenInCluster (node:net:1920:12)
    at Server.listen (node:net:2008:7)
    at Function.listen (/Users/sairaghavaa/Documents/GitHub/sol-analytics/server/node_modules/express/lib/application.js:635:24)
    at <anonymous> (/Users/sairaghavaa/Documents/GitHub/sol-analytics/server/src/index.ts:67:5)
    at ModuleJob.run (node:internal/modules/esm/module_job:192:25)
    at async CustomizedModuleLoader.import (node:internal/modules/esm/loader:228:24)
    at async loadESM (node:internal/process/esm_loader:40:7)
    at async handleMainPromise (node:internal/modules/run_main:66:12)
Emitted 'error' event on Server instance at:
    at emitErrorNT (node:net:1899:8)
    at process.processTicksAndRejections (node:internal/process/task_queues:82:21) {
  code: 'EADDRINUSE',
  errno: -48,
  syscall: 'listen',
  address: '::',
  port: 3001
}

Node.js v20.5.0
6:21:08 PM [tsx] change in ./src/routes/protocolRoutes.ts Rerunning...
cSupabase Environment Check: {
  hasSupabaseUrl: true,
  hasSupabaseKey: true,
  urlSource: 'REACT_APP_SUPABASE_URL',
  keySource: 'REACT_APP_SUPABASE_ANON_KEY',
  urlLength: 40,
  keyLength: 208
}
node:events:492
      throw er; // Unhandled 'error' event
      ^

Error: listen EADDRINUSE: address already in use :::3001
    at __node_internal_captureLargerStackTrace (node:internal/errors:496:5)
    at __node_internal_uvExceptionWithHostPort (node:internal/errors:593:12)
    at Server.setupListenHandle [as _listen2] (node:net:1872:16)
    at listenInCluster (node:net:1920:12)
    at Server.listen (node:net:2008:7)
    at Function.listen (/Users/sairaghavaa/Documents/GitHub/sol-analytics/server/node_modules/express/lib/application.js:635:24)
    at <anonymous> (/Users/sairaghavaa/Documents/GitHub/sol-analytics/server/src/index.ts:67:5)
    at ModuleJob.run (node:internal/modules/esm/module_job:192:25)
    at async CustomizedModuleLoader.import (node:internal/modules/esm/loader:228:24)
    at async loadESM (node:internal/process/esm_loader:40:7)
    at async handleMainPromise (node:internal/modules/run_main:66:12)
Emitted 'error' event on Server instance at:
    at emitErrorNT (node:net:1899:8)
    at process.processTicksAndRejections (node:internal/process/task_queues:82:21) {
  code: 'EADDRINUSE',
  errno: -48,
  syscall: 'listen',
  address: '::',
  port: 3001
}

Node.js v20.5.0
6:24:20 PM [tsx] change in ./src/services/unifiedProtocolService.ts Rerunning...
cSupabase Environment Check: {
  hasSupabaseUrl: true,
  hasSupabaseKey: true,
  urlSource: 'REACT_APP_SUPABASE_URL',
  keySource: 'REACT_APP_SUPABASE_ANON_KEY',
  urlLength: 40,
  keyLength: 208
}
node:events:492
      throw er; // Unhandled 'error' event
      ^

Error: listen EADDRINUSE: address already in use :::3001
    at __node_internal_captureLargerStackTrace (node:internal/errors:496:5)
    at __node_internal_uvExceptionWithHostPort (node:internal/errors:593:12)
    at Server.setupListenHandle [as _listen2] (node:net:1872:16)
    at listenInCluster (node:net:1920:12)
    at Server.listen (node:net:2008:7)
    at Function.listen (/Users/sairaghavaa/Documents/GitHub/sol-analytics/server/node_modules/express/lib/application.js:635:24)
    at <anonymous> (/Users/sairaghavaa/Documents/GitHub/sol-analytics/server/src/index.ts:67:5)
    at ModuleJob.run (node:internal/modules/esm/module_job:192:25)
    at async CustomizedModuleLoader.import (node:internal/modules/esm/loader:228:24)
    at async loadESM (node:internal/process/esm_loader:40:7)
    at async handleMainPromise (node:internal/modules/run_main:66:12)
Emitted 'error' event on Server instance at:
    at emitErrorNT (node:net:1899:8)
    at process.processTicksAndRejections (node:internal/process/task_queues:82:21) {
  code: 'EADDRINUSE',
  errno: -48,
  syscall: 'listen',
  address: '::',
  port: 3001
}

Node.js v20.5.0
7:05:53 PM [tsx] change in ./src/routes/protocolRoutes.ts Rerunning...
cSupabase Environment Check: {
  hasSupabaseUrl: true,
  hasSupabaseKey: true,
  urlSource: 'REACT_APP_SUPABASE_URL',
  keySource: 'REACT_APP_SUPABASE_ANON_KEY',
  urlLength: 40,
  keyLength: 208
}
node:events:492
      throw er; // Unhandled 'error' event
      ^

Error: listen EADDRINUSE: address already in use :::3001
    at __node_internal_captureLargerStackTrace (node:internal/errors:496:5)
    at __node_internal_uvExceptionWithHostPort (node:internal/errors:593:12)
    at Server.setupListenHandle [as _listen2] (node:net:1872:16)
    at listenInCluster (node:net:1920:12)
    at Server.listen (node:net:2008:7)
    at Function.listen (/Users/sairaghavaa/Documents/GitHub/sol-analytics/server/node_modules/express/lib/application.js:635:24)
    at <anonymous> (/Users/sairaghavaa/Documents/GitHub/sol-analytics/server/src/index.ts:67:5)
    at ModuleJob.run (node:internal/modules/esm/module_job:192:25)
    at async CustomizedModuleLoader.import (node:internal/modules/esm/loader:228:24)
    at async loadESM (node:internal/process/esm_loader:40:7)
    at async handleMainPromise (node:internal/modules/run_main:66:12)
Emitted 'error' event on Server instance at:
    at emitErrorNT (node:net:1899:8)
    at process.processTicksAndRejections (node:internal/process/task_queues:82:21) {
  code: 'EADDRINUSE',
  errno: -48,
  syscall: 'listen',
  address: '::',
  port: 3001
}

Node.js v20.5.0
8:27:17 PM [tsx] change in ./src/services/protocolService.ts Rerunning...
cSupabase Environment Check: {
  hasSupabaseUrl: true,
  hasSupabaseKey: true,
  urlSource: 'REACT_APP_SUPABASE_URL',
  keySource: 'REACT_APP_SUPABASE_ANON_KEY',
  urlLength: 40,
  keyLength: 208
}
node:events:492
      throw er; // Unhandled 'error' event
      ^

Error: listen EADDRINUSE: address already in use :::3001
    at __node_internal_captureLargerStackTrace (node:internal/errors:496:5)
    at __node_internal_uvExceptionWithHostPort (node:internal/errors:593:12)
    at Server.setupListenHandle [as _listen2] (node:net:1872:16)
    at listenInCluster (node:net:1920:12)
    at Server.listen (node:net:2008:7)
    at Function.listen (/Users/sairaghavaa/Documents/GitHub/sol-analytics/server/node_modules/express/lib/application.js:635:24)
    at <anonymous> (/Users/sairaghavaa/Documents/GitHub/sol-analytics/server/src/index.ts:67:5)
    at ModuleJob.run (node:internal/modules/esm/module_job:192:25)
    at async CustomizedModuleLoader.import (node:internal/modules/esm/loader:228:24)
    at async loadESM (node:internal/process/esm_loader:40:7)
    at async handleMainPromise (node:internal/modules/run_main:66:12)
Emitted 'error' event on Server instance at:
    at emitErrorNT (node:net:1899:8)
    at process.processTicksAndRejections (node:internal/process/task_queues:82:21) {
  code: 'EADDRINUSE',
  errno: -48,
  syscall: 'listen',
  address: '::',
  port: 3001
}

Node.js v20.5.0
8:29:03 PM [tsx] change in ./src/services/protocolService.ts Rerunning...
cSupabase Environment Check: {
  hasSupabaseUrl: true,
  hasSupabaseKey: true,
  urlSource: 'REACT_APP_SUPABASE_URL',
  keySource: 'REACT_APP_SUPABASE_ANON_KEY',
  urlLength: 40,
  keyLength: 208
}
node:events:492
      throw er; // Unhandled 'error' event
      ^

Error: listen EADDRINUSE: address already in use :::3001
    at __node_internal_captureLargerStackTrace (node:internal/errors:496:5)
    at __node_internal_uvExceptionWithHostPort (node:internal/errors:593:12)
    at Server.setupListenHandle [as _listen2] (node:net:1872:16)
    at listenInCluster (node:net:1920:12)
    at Server.listen (node:net:2008:7)
    at Function.listen (/Users/sairaghavaa/Documents/GitHub/sol-analytics/server/node_modules/express/lib/application.js:635:24)
    at <anonymous> (/Users/sairaghavaa/Documents/GitHub/sol-analytics/server/src/index.ts:67:5)
    at ModuleJob.run (node:internal/modules/esm/module_job:192:25)
    at async CustomizedModuleLoader.import (node:internal/modules/esm/loader:228:24)
    at async loadESM (node:internal/process/esm_loader:40:7)
    at async handleMainPromise (node:internal/modules/run_main:66:12)
Emitted 'error' event on Server instance at:
    at emitErrorNT (node:net:1899:8)
    at process.processTicksAndRejections (node:internal/process/task_queues:82:21) {
  code: 'EADDRINUSE',
  errno: -48,
  syscall: 'listen',
  address: '::',
  port: 3001
}

Node.js v20.5.0
8:29:59 PM [tsx] change in ./src/services/protocolService.ts Rerunning...
cSupabase Environment Check: {
  hasSupabaseUrl: true,
  hasSupabaseKey: true,
  urlSource: 'REACT_APP_SUPABASE_URL',
  keySource: 'REACT_APP_SUPABASE_ANON_KEY',
  urlLength: 40,
  keyLength: 208
}
node:events:492
      throw er; // Unhandled 'error' event
      ^

Error: listen EADDRINUSE: address already in use :::3001
    at __node_internal_captureLargerStackTrace (node:internal/errors:496:5)
    at __node_internal_uvExceptionWithHostPort (node:internal/errors:593:12)
    at Server.setupListenHandle [as _listen2] (node:net:1872:16)
    at listenInCluster (node:net:1920:12)
    at Server.listen (node:net:2008:7)
    at Function.listen (/Users/sairaghavaa/Documents/GitHub/sol-analytics/server/node_modules/express/lib/application.js:635:24)
    at <anonymous> (/Users/sairaghavaa/Documents/GitHub/sol-analytics/server/src/index.ts:67:5)
    at ModuleJob.run (node:internal/modules/esm/module_job:192:25)
    at async CustomizedModuleLoader.import (node:internal/modules/esm/loader:228:24)
    at async loadESM (node:internal/process/esm_loader:40:7)
    at async handleMainPromise (node:internal/modules/run_main:66:12)
Emitted 'error' event on Server instance at:
    at emitErrorNT (node:net:1899:8)
    at process.processTicksAndRejections (node:internal/process/task_queues:82:21) {
  code: 'EADDRINUSE',
  errno: -48,
  syscall: 'listen',
  address: '::',
  port: 3001
}

Node.js v20.5.0
8:34:22 PM [tsx] change in ./src/services/protocolService.ts Rerunning...
cSupabase Environment Check: {
  hasSupabaseUrl: true,
  hasSupabaseKey: true,
  urlSource: 'REACT_APP_SUPABASE_URL',
  keySource: 'REACT_APP_SUPABASE_ANON_KEY',
  urlLength: 40,
  keyLength: 208
}
node:events:492
      throw er; // Unhandled 'error' event
      ^

Error: listen EADDRINUSE: address already in use :::3001
    at __node_internal_captureLargerStackTrace (node:internal/errors:496:5)
    at __node_internal_uvExceptionWithHostPort (node:internal/errors:593:12)
    at Server.setupListenHandle [as _listen2] (node:net:1872:16)
    at listenInCluster (node:net:1920:12)
    at Server.listen (node:net:2008:7)
    at Function.listen (/Users/sairaghavaa/Documents/GitHub/sol-analytics/server/node_modules/express/lib/application.js:635:24)
    at <anonymous> (/Users/sairaghavaa/Documents/GitHub/sol-analytics/server/src/index.ts:67:5)
    at ModuleJob.run (node:internal/modules/esm/module_job:192:25)
    at async CustomizedModuleLoader.import (node:internal/modules/esm/loader:228:24)
    at async loadESM (node:internal/process/esm_loader:40:7)
    at async handleMainPromise (node:internal/modules/run_main:66:12)
Emitted 'error' event on Server instance at:
    at emitErrorNT (node:net:1899:8)
    at process.processTicksAndRejections (node:internal/process/task_queues:82:21) {
  code: 'EADDRINUSE',
  errno: -48,
  syscall: 'listen',
  address: '::',
  port: 3001
}

Node.js v20.5.0
8:45:03 PM [tsx] change in ./src/services/protocolService.ts Rerunning...
cSupabase Environment Check: {
  hasSupabaseUrl: true,
  hasSupabaseKey: true,
  urlSource: 'REACT_APP_SUPABASE_URL',
  keySource: 'REACT_APP_SUPABASE_ANON_KEY',
  urlLength: 40,
  keyLength: 208
}
node:events:492
      throw er; // Unhandled 'error' event
      ^

Error: listen EADDRINUSE: address already in use :::3001
    at __node_internal_captureLargerStackTrace (node:internal/errors:496:5)
    at __node_internal_uvExceptionWithHostPort (node:internal/errors:593:12)
    at Server.setupListenHandle [as _listen2] (node:net:1872:16)
    at listenInCluster (node:net:1920:12)
    at Server.listen (node:net:2008:7)
    at Function.listen (/Users/sairaghavaa/Documents/GitHub/sol-analytics/server/node_modules/express/lib/application.js:635:24)
    at <anonymous> (/Users/sairaghavaa/Documents/GitHub/sol-analytics/server/src/index.ts:67:5)
    at ModuleJob.run (node:internal/modules/esm/module_job:192:25)
    at async CustomizedModuleLoader.import (node:internal/modules/esm/loader:228:24)
    at async loadESM (node:internal/process/esm_loader:40:7)
    at async handleMainPromise (node:internal/modules/run_main:66:12)
Emitted 'error' event on Server instance at:
    at emitErrorNT (node:net:1899:8)
    at process.processTicksAndRejections (node:internal/process/task_queues:82:21) {
  code: 'EADDRINUSE',
  errno: -48,
  syscall: 'listen',
  address: '::',
  port: 3001
}

Node.js v20.5.0
8:48:35 PM [tsx] change in ./src/routes/protocolRoutes.ts Rerunning...
cSupabase Environment Check: {
  hasSupabaseUrl: true,
  hasSupabaseKey: true,
  urlSource: 'REACT_APP_SUPABASE_URL',
  keySource: 'REACT_APP_SUPABASE_ANON_KEY',
  urlLength: 40,
  keyLength: 208
}
node:events:492
      throw er; // Unhandled 'error' event
      ^

Error: listen EADDRINUSE: address already in use :::3001
    at __node_internal_captureLargerStackTrace (node:internal/errors:496:5)
    at __node_internal_uvExceptionWithHostPort (node:internal/errors:593:12)
    at Server.setupListenHandle [as _listen2] (node:net:1872:16)
    at listenInCluster (node:net:1920:12)
    at Server.listen (node:net:2008:7)
    at Function.listen (/Users/sairaghavaa/Documents/GitHub/sol-analytics/server/node_modules/express/lib/application.js:635:24)
    at <anonymous> (/Users/sairaghavaa/Documents/GitHub/sol-analytics/server/src/index.ts:67:5)
    at ModuleJob.run (node:internal/modules/esm/module_job:192:25)
    at async CustomizedModuleLoader.import (node:internal/modules/esm/loader:228:24)
    at async loadESM (node:internal/process/esm_loader:40:7)
    at async handleMainPromise (node:internal/modules/run_main:66:12)
Emitted 'error' event on Server instance at:
    at emitErrorNT (node:net:1899:8)
    at process.processTicksAndRejections (node:internal/process/task_queues:82:21) {
  code: 'EADDRINUSE',
  errno: -48,
  syscall: 'listen',
  address: '::',
  port: 3001
}

Node.js v20.5.0
8:55:13 PM [tsx] change in ./src/services/protocolService.ts Rerunning...
cSupabase Environment Check: {
  hasSupabaseUrl: true,
  hasSupabaseKey: true,
  urlSource: 'REACT_APP_SUPABASE_URL',
  keySource: 'REACT_APP_SUPABASE_ANON_KEY',
  urlLength: 40,
  keyLength: 208
}
node:events:492
      throw er; // Unhandled 'error' event
      ^

Error: listen EADDRINUSE: address already in use :::3001
    at __node_internal_captureLargerStackTrace (node:internal/errors:496:5)
    at __node_internal_uvExceptionWithHostPort (node:internal/errors:593:12)
    at Server.setupListenHandle [as _listen2] (node:net:1872:16)
    at listenInCluster (node:net:1920:12)
    at Server.listen (node:net:2008:7)
    at Function.listen (/Users/sairaghavaa/Documents/GitHub/sol-analytics/server/node_modules/express/lib/application.js:635:24)
    at <anonymous> (/Users/sairaghavaa/Documents/GitHub/sol-analytics/server/src/index.ts:67:5)
    at ModuleJob.run (node:internal/modules/esm/module_job:192:25)
    at async CustomizedModuleLoader.import (node:internal/modules/esm/loader:228:24)
    at async loadESM (node:internal/process/esm_loader:40:7)
    at async handleMainPromise (node:internal/modules/run_main:66:12)
Emitted 'error' event on Server instance at:
    at emitErrorNT (node:net:1899:8)
    at process.processTicksAndRejections (node:internal/process/task_queues:82:21) {
  code: 'EADDRINUSE',
  errno: -48,
  syscall: 'listen',
  address: '::',
  port: 3001
}

Node.js v20.5.0
8:56:06 PM [tsx] change in ./src/services/protocolService.ts Rerunning...
cSupabase Environment Check: {
  hasSupabaseUrl: true,
  hasSupabaseKey: true,
  urlSource: 'REACT_APP_SUPABASE_URL',
  keySource: 'REACT_APP_SUPABASE_ANON_KEY',
  urlLength: 40,
  keyLength: 208
}
node:events:492
      throw er; // Unhandled 'error' event
      ^

Error: listen EADDRINUSE: address already in use :::3001
    at __node_internal_captureLargerStackTrace (node:internal/errors:496:5)
    at __node_internal_uvExceptionWithHostPort (node:internal/errors:593:12)
    at Server.setupListenHandle [as _listen2] (node:net:1872:16)
    at listenInCluster (node:net:1920:12)
    at Server.listen (node:net:2008:7)
    at Function.listen (/Users/sairaghavaa/Documents/GitHub/sol-analytics/server/node_modules/express/lib/application.js:635:24)
    at <anonymous> (/Users/sairaghavaa/Documents/GitHub/sol-analytics/server/src/index.ts:67:5)
    at ModuleJob.run (node:internal/modules/esm/module_job:192:25)
    at async CustomizedModuleLoader.import (node:internal/modules/esm/loader:228:24)
    at async loadESM (node:internal/process/esm_loader:40:7)
    at async handleMainPromise (node:internal/modules/run_main:66:12)
Emitted 'error' event on Server instance at:
    at emitErrorNT (node:net:1899:8)
    at process.processTicksAndRejections (node:internal/process/task_queues:82:21) {
  code: 'EADDRINUSE',
  errno: -48,
  syscall: 'listen',
  address: '::',
  port: 3001
}

Node.js v20.5.0
11:06:49 AM [tsx] change in ./src/services/dataManagementService.ts Rerunning...
cSupabase Environment Check: {
  hasSupabaseUrl: true,
  hasSupabaseKey: true,
  urlSource: 'REACT_APP_SUPABASE_URL',
  keySource: 'REACT_APP_SUPABASE_ANON_KEY',
  urlLength: 40,
  keyLength: 208
}
node:events:492
      throw er; // Unhandled 'error' event
      ^

Error: listen EADDRINUSE: address already in use :::3001
    at __node_internal_captureLargerStackTrace (node:internal/errors:496:5)
    at __node_internal_uvExceptionWithHostPort (node:internal/errors:593:12)
    at Server.setupListenHandle [as _listen2] (node:net:1872:16)
    at listenInCluster (node:net:1920:12)
    at Server.listen (node:net:2008:7)
    at Function.listen (/Users/sairaghavaa/Documents/GitHub/sol-analytics/server/node_modules/express/lib/application.js:635:24)
    at <anonymous> (/Users/sairaghavaa/Documents/GitHub/sol-analytics/server/src/index.ts:67:5)
    at ModuleJob.run (node:internal/modules/esm/module_job:192:25)
    at async CustomizedModuleLoader.import (node:internal/modules/esm/loader:228:24)
    at async loadESM (node:internal/process/esm_loader:40:7)
    at async handleMainPromise (node:internal/modules/run_main:66:12)
Emitted 'error' event on Server instance at:
    at emitErrorNT (node:net:1899:8)
    at process.processTicksAndRejections (node:internal/process/task_queues:82:21) {
  code: 'EADDRINUSE',
  errno: -48,
  syscall: 'listen',
  address: '::',
  port: 3001
}

Node.js v20.5.0
11:09:20 AM [tsx] change in ./src/services/dataManagementService.ts Rerunning...
cSupabase Environment Check: {
  hasSupabaseUrl: true,
  hasSupabaseKey: true,
  urlSource: 'REACT_APP_SUPABASE_URL',
  keySource: 'REACT_APP_SUPABASE_ANON_KEY',
  urlLength: 40,
  keyLength: 208
}
node:events:492
      throw er; // Unhandled 'error' event
      ^

Error: listen EADDRINUSE: address already in use :::3001
    at __node_internal_captureLargerStackTrace (node:internal/errors:496:5)
    at __node_internal_uvExceptionWithHostPort (node:internal/errors:593:12)
    at Server.setupListenHandle [as _listen2] (node:net:1872:16)
    at listenInCluster (node:net:1920:12)
    at Server.listen (node:net:2008:7)
    at Function.listen (/Users/sairaghavaa/Documents/GitHub/sol-analytics/server/node_modules/express/lib/application.js:635:24)
    at <anonymous> (/Users/sairaghavaa/Documents/GitHub/sol-analytics/server/src/index.ts:67:5)
    at ModuleJob.run (node:internal/modules/esm/module_job:192:25)
    at async CustomizedModuleLoader.import (node:internal/modules/esm/loader:228:24)
    at async loadESM (node:internal/process/esm_loader:40:7)
    at async handleMainPromise (node:internal/modules/run_main:66:12)
Emitted 'error' event on Server instance at:
    at emitErrorNT (node:net:1899:8)
    at process.processTicksAndRejections (node:internal/process/task_queues:82:21) {
  code: 'EADDRINUSE',
  errno: -48,
  syscall: 'listen',
  address: '::',
  port: 3001
}

Node.js v20.5.0
11:53:22 AM [tsx] change in ./src/services/evmDataMigrationServiceSimple.ts Rerunning...
cSupabase Environment Check: {
  hasSupabaseUrl: true,
  hasSupabaseKey: true,
  urlSource: 'REACT_APP_SUPABASE_URL',
  keySource: 'REACT_APP_SUPABASE_ANON_KEY',
  urlLength: 40,
  keyLength: 208
}
node:events:492
      throw er; // Unhandled 'error' event
      ^

Error: listen EADDRINUSE: address already in use :::3001
    at __node_internal_captureLargerStackTrace (node:internal/errors:496:5)
    at __node_internal_uvExceptionWithHostPort (node:internal/errors:593:12)
    at Server.setupListenHandle [as _listen2] (node:net:1872:16)
    at listenInCluster (node:net:1920:12)
    at Server.listen (node:net:2008:7)
    at Function.listen (/Users/sairaghavaa/Documents/GitHub/sol-analytics/server/node_modules/express/lib/application.js:635:24)
    at <anonymous> (/Users/sairaghavaa/Documents/GitHub/sol-analytics/server/src/index.ts:67:5)
    at ModuleJob.run (node:internal/modules/esm/module_job:192:25)
    at async CustomizedModuleLoader.import (node:internal/modules/esm/loader:228:24)
    at async loadESM (node:internal/process/esm_loader:40:7)
    at async handleMainPromise (node:internal/modules/run_main:66:12)
Emitted 'error' event on Server instance at:
    at emitErrorNT (node:net:1899:8)
    at process.processTicksAndRejections (node:internal/process/task_queues:82:21) {
  code: 'EADDRINUSE',
  errno: -48,
  syscall: 'listen',
  address: '::',
  port: 3001
}

Node.js v20.5.0
11:53:32 AM [tsx] change in ./src/services/protocolService.ts Rerunning...
cSupabase Environment Check: {
  hasSupabaseUrl: true,
  hasSupabaseKey: true,
  urlSource: 'REACT_APP_SUPABASE_URL',
  keySource: 'REACT_APP_SUPABASE_ANON_KEY',
  urlLength: 40,
  keyLength: 208
}
🚀 Sol Analytics API server running on port 3001
📊 Health check: http://localhost:3001/health
🔌 API endpoints:
   - Protocols (Legacy): http://localhost:3001/api/protocols
   - Protocols (Unified): http://localhost:3001/api/unified
   - Data Update: http://localhost:3001/api/data-update
   - Protocol Config: http://localhost:3001/api/protocol-config
   - Launchpads: http://localhost:3001/api/launchpads
protocol_configurations table verified successfully
11:53:44 AM [tsx] change in ./src/services/protocolService.ts Restarting...
cSupabase Environment Check: {
  hasSupabaseUrl: true,
  hasSupabaseKey: true,
  urlSource: 'REACT_APP_SUPABASE_URL',
  keySource: 'REACT_APP_SUPABASE_ANON_KEY',
  urlLength: 40,
  keyLength: 208
}
node:events:492
      throw er; // Unhandled 'error' event
      ^

Error: listen EADDRINUSE: address already in use :::3001
    at __node_internal_captureLargerStackTrace (node:internal/errors:496:5)
    at __node_internal_uvExceptionWithHostPort (node:internal/errors:593:12)
    at Server.setupListenHandle [as _listen2] (node:net:1872:16)
    at listenInCluster (node:net:1920:12)
    at Server.listen (node:net:2008:7)
    at Function.listen (/Users/sairaghavaa/Documents/GitHub/sol-analytics/server/node_modules/express/lib/application.js:635:24)
    at <anonymous> (/Users/sairaghavaa/Documents/GitHub/sol-analytics/server/src/index.ts:67:5)
    at ModuleJob.run (node:internal/modules/esm/module_job:192:25)
    at async CustomizedModuleLoader.import (node:internal/modules/esm/loader:228:24)
    at async loadESM (node:internal/process/esm_loader:40:7)
    at async handleMainPromise (node:internal/modules/run_main:66:12)
Emitted 'error' event on Server instance at:
    at emitErrorNT (node:net:1899:8)
    at process.processTicksAndRejections (node:internal/process/task_queues:82:21) {
  code: 'EADDRINUSE',
  errno: -48,
  syscall: 'listen',
  address: '::',
  port: 3001
}

Node.js v20.5.0
11:54:55 AM [tsx] change in ./src/services/evmDataMigrationServiceSimple.ts Rerunning...
cSupabase Environment Check: {
  hasSupabaseUrl: true,
  hasSupabaseKey: true,
  urlSource: 'REACT_APP_SUPABASE_URL',
  keySource: 'REACT_APP_SUPABASE_ANON_KEY',
  urlLength: 40,
  keyLength: 208
}
🚀 Sol Analytics API server running on port 3001
📊 Health check: http://localhost:3001/health
🔌 API endpoints:
   - Protocols (Legacy): http://localhost:3001/api/protocols
   - Protocols (Unified): http://localhost:3001/api/unified
   - Data Update: http://localhost:3001/api/data-update
   - Protocol Config: http://localhost:3001/api/protocol-config
   - Launchpads: http://localhost:3001/api/launchpads
protocol_configurations table verified successfully
2025-08-01T09:59:03.409Z - GET /api/protocols/sync-status
Failed to fetch protocol sync status: {
  code: '42P01',
  details: null,
  hint: null,
  message: 'relation "public.protocol_sync_status" does not exist'
}
2025-08-01T09:59:04.177Z - GET /api/protocols/sync-status
Failed to fetch protocol sync status: {
  code: '42P01',
  details: null,
  hint: null,
  message: 'relation "public.protocol_sync_status" does not exist'
}
2025-08-01T09:59:46.384Z - GET /api/protocols/sync-status
Failed to fetch protocol sync status: {
  code: '42P01',
  details: null,
  hint: null,
  message: 'relation "public.protocol_sync_status" does not exist'
}
2025-08-01T09:59:46.842Z - GET /api/protocols/sync-status
Failed to fetch protocol sync status: {
  code: '42P01',
  details: null,
  hint: null,
  message: 'relation "public.protocol_sync_status" does not exist'
}
2025-08-01T10:02:48.761Z - GET /api/protocols/sync-status
Failed to fetch protocol sync status: {
  code: '42P01',
  details: null,
  hint: null,
  message: 'relation "public.protocol_sync_status" does not exist'
}
2025-08-01T10:02:49.463Z - GET /api/protocols/sync-status
Failed to fetch protocol sync status: {
  code: '42P01',
  details: null,
  hint: null,
  message: 'relation "public.protocol_sync_status" does not exist'
}
