
> dashboard@0.1.0 server:dev
> cd server && npm run dev


> sol-analytics-backend@1.0.0 dev
> tsx watch src/index.ts

Supabase Environment Check: {
  hasSupabaseUrl: true,
  hasSupabaseKey: true,
  urlSource: 'REACT_APP_SUPABASE_URL',
  keySource: 'REACT_APP_SUPABASE_ANON_KEY',
  urlLength: 40,
  keyLength: 208
}
node:events:492
      throw er; // Unhandled 'error' event
      ^

Error: listen EADDRINUSE: address already in use :::3001
    at __node_internal_captureLargerStackTrace (node:internal/errors:496:5)
    at __node_internal_uvExceptionWithHostPort (node:internal/errors:593:12)
    at Server.setupListenHandle [as _listen2] (node:net:1872:16)
    at listenInCluster (node:net:1920:12)
    at Server.listen (node:net:2008:7)
    at Function.listen (/Users/sairaghavaa/Documents/GitHub/sol-analytics/server/node_modules/express/lib/application.js:635:24)
    at <anonymous> (/Users/sairaghavaa/Documents/GitHub/sol-analytics/server/src/index.ts:67:5)
    at ModuleJob.run (node:internal/modules/esm/module_job:192:25)
    at async CustomizedModuleLoader.import (node:internal/modules/esm/loader:228:24)
    at async loadESM (node:internal/process/esm_loader:40:7)
    at async handleMainPromise (node:internal/modules/run_main:66:12)
Emitted 'error' event on Server instance at:
    at emitErrorNT (node:net:1899:8)
    at process.processTicksAndRejections (node:internal/process/task_queues:82:21) {
  code: 'EADDRINUSE',
  errno: -48,
  syscall: 'listen',
  address: '::',
  port: 3001
}

Node.js v20.5.0
5:46:11 PM [tsx] change in ./src/services/launchpadDataService.ts Rerunning...
cSupabase Environment Check: {
  hasSupabaseUrl: true,
  hasSupabaseKey: true,
  urlSource: 'REACT_APP_SUPABASE_URL',
  keySource: 'REACT_APP_SUPABASE_ANON_KEY',
  urlLength: 40,
  keyLength: 208
}
node:events:492
      throw er; // Unhandled 'error' event
      ^

Error: listen EADDRINUSE: address already in use :::3001
    at __node_internal_captureLargerStackTrace (node:internal/errors:496:5)
    at __node_internal_uvExceptionWithHostPort (node:internal/errors:593:12)
    at Server.setupListenHandle [as _listen2] (node:net:1872:16)
    at listenInCluster (node:net:1920:12)
    at Server.listen (node:net:2008:7)
    at Function.listen (/Users/sairaghavaa/Documents/GitHub/sol-analytics/server/node_modules/express/lib/application.js:635:24)
    at <anonymous> (/Users/sairaghavaa/Documents/GitHub/sol-analytics/server/src/index.ts:67:5)
    at ModuleJob.run (node:internal/modules/esm/module_job:192:25)
    at async CustomizedModuleLoader.import (node:internal/modules/esm/loader:228:24)
    at async loadESM (node:internal/process/esm_loader:40:7)
    at async handleMainPromise (node:internal/modules/run_main:66:12)
Emitted 'error' event on Server instance at:
    at emitErrorNT (node:net:1899:8)
    at process.processTicksAndRejections (node:internal/process/task_queues:82:21) {
  code: 'EADDRINUSE',
  errno: -48,
  syscall: 'listen',
  address: '::',
  port: 3001
}

Node.js v20.5.0
6:15:51 PM [tsx] change in ./src/services/protocolService.ts Rerunning...
cSupabase Environment Check: {
  hasSupabaseUrl: true,
  hasSupabaseKey: true,
  urlSource: 'REACT_APP_SUPABASE_URL',
  keySource: 'REACT_APP_SUPABASE_ANON_KEY',
  urlLength: 40,
  keyLength: 208
}
node:events:492
      throw er; // Unhandled 'error' event
      ^

Error: listen EADDRINUSE: address already in use :::3001
    at __node_internal_captureLargerStackTrace (node:internal/errors:496:5)
    at __node_internal_uvExceptionWithHostPort (node:internal/errors:593:12)
    at Server.setupListenHandle [as _listen2] (node:net:1872:16)
    at listenInCluster (node:net:1920:12)
    at Server.listen (node:net:2008:7)
    at Function.listen (/Users/sairaghavaa/Documents/GitHub/sol-analytics/server/node_modules/express/lib/application.js:635:24)
    at <anonymous> (/Users/sairaghavaa/Documents/GitHub/sol-analytics/server/src/index.ts:67:5)
    at ModuleJob.run (node:internal/modules/esm/module_job:192:25)
    at async CustomizedModuleLoader.import (node:internal/modules/esm/loader:228:24)
    at async loadESM (node:internal/process/esm_loader:40:7)
    at async handleMainPromise (node:internal/modules/run_main:66:12)
Emitted 'error' event on Server instance at:
    at emitErrorNT (node:net:1899:8)
    at process.processTicksAndRejections (node:internal/process/task_queues:82:21) {
  code: 'EADDRINUSE',
  errno: -48,
  syscall: 'listen',
  address: '::',
  port: 3001
}

Node.js v20.5.0
6:16:05 PM [tsx] change in ./src/services/protocolService.ts Rerunning...
cSupabase Environment Check: {
  hasSupabaseUrl: true,
  hasSupabaseKey: true,
  urlSource: 'REACT_APP_SUPABASE_URL',
  keySource: 'REACT_APP_SUPABASE_ANON_KEY',
  urlLength: 40,
  keyLength: 208
}
node:events:492
      throw er; // Unhandled 'error' event
      ^

Error: listen EADDRINUSE: address already in use :::3001
    at __node_internal_captureLargerStackTrace (node:internal/errors:496:5)
    at __node_internal_uvExceptionWithHostPort (node:internal/errors:593:12)
    at Server.setupListenHandle [as _listen2] (node:net:1872:16)
    at listenInCluster (node:net:1920:12)
    at Server.listen (node:net:2008:7)
    at Function.listen (/Users/sairaghavaa/Documents/GitHub/sol-analytics/server/node_modules/express/lib/application.js:635:24)
    at <anonymous> (/Users/sairaghavaa/Documents/GitHub/sol-analytics/server/src/index.ts:67:5)
    at ModuleJob.run (node:internal/modules/esm/module_job:192:25)
    at async CustomizedModuleLoader.import (node:internal/modules/esm/loader:228:24)
    at async loadESM (node:internal/process/esm_loader:40:7)
    at async handleMainPromise (node:internal/modules/run_main:66:12)
Emitted 'error' event on Server instance at:
    at emitErrorNT (node:net:1899:8)
    at process.processTicksAndRejections (node:internal/process/task_queues:82:21) {
  code: 'EADDRINUSE',
  errno: -48,
  syscall: 'listen',
  address: '::',
  port: 3001
}

Node.js v20.5.0
6:16:35 PM [tsx] change in ./src/services/protocolService.ts Rerunning...
cSupabase Environment Check: {
  hasSupabaseUrl: true,
  hasSupabaseKey: true,
  urlSource: 'REACT_APP_SUPABASE_URL',
  keySource: 'REACT_APP_SUPABASE_ANON_KEY',
  urlLength: 40,
  keyLength: 208
}
node:events:492
      throw er; // Unhandled 'error' event
      ^

Error: listen EADDRINUSE: address already in use :::3001
    at __node_internal_captureLargerStackTrace (node:internal/errors:496:5)
    at __node_internal_uvExceptionWithHostPort (node:internal/errors:593:12)
    at Server.setupListenHandle [as _listen2] (node:net:1872:16)
    at listenInCluster (node:net:1920:12)
    at Server.listen (node:net:2008:7)
    at Function.listen (/Users/sairaghavaa/Documents/GitHub/sol-analytics/server/node_modules/express/lib/application.js:635:24)
    at <anonymous> (/Users/sairaghavaa/Documents/GitHub/sol-analytics/server/src/index.ts:67:5)
    at ModuleJob.run (node:internal/modules/esm/module_job:192:25)
    at async CustomizedModuleLoader.import (node:internal/modules/esm/loader:228:24)
    at async loadESM (node:internal/process/esm_loader:40:7)
    at async handleMainPromise (node:internal/modules/run_main:66:12)
Emitted 'error' event on Server instance at:
    at emitErrorNT (node:net:1899:8)
    at process.processTicksAndRejections (node:internal/process/task_queues:82:21) {
  code: 'EADDRINUSE',
  errno: -48,
  syscall: 'listen',
  address: '::',
  port: 3001
}

Node.js v20.5.0
6:17:17 PM [tsx] change in ./src/services/protocolService.ts Rerunning...
cSupabase Environment Check: {
  hasSupabaseUrl: true,
  hasSupabaseKey: true,
  urlSource: 'REACT_APP_SUPABASE_URL',
  keySource: 'REACT_APP_SUPABASE_ANON_KEY',
  urlLength: 40,
  keyLength: 208
}
node:events:492
      throw er; // Unhandled 'error' event
      ^

Error: listen EADDRINUSE: address already in use :::3001
    at __node_internal_captureLargerStackTrace (node:internal/errors:496:5)
    at __node_internal_uvExceptionWithHostPort (node:internal/errors:593:12)
    at Server.setupListenHandle [as _listen2] (node:net:1872:16)
    at listenInCluster (node:net:1920:12)
    at Server.listen (node:net:2008:7)
    at Function.listen (/Users/sairaghavaa/Documents/GitHub/sol-analytics/server/node_modules/express/lib/application.js:635:24)
    at <anonymous> (/Users/sairaghavaa/Documents/GitHub/sol-analytics/server/src/index.ts:67:5)
    at ModuleJob.run (node:internal/modules/esm/module_job:192:25)
    at async CustomizedModuleLoader.import (node:internal/modules/esm/loader:228:24)
    at async loadESM (node:internal/process/esm_loader:40:7)
    at async handleMainPromise (node:internal/modules/run_main:66:12)
Emitted 'error' event on Server instance at:
    at emitErrorNT (node:net:1899:8)
    at process.processTicksAndRejections (node:internal/process/task_queues:82:21) {
  code: 'EADDRINUSE',
  errno: -48,
  syscall: 'listen',
  address: '::',
  port: 3001
}

Node.js v20.5.0
6:18:26 PM [tsx] change in ./src/services/protocolService.ts Rerunning...
cSupabase Environment Check: {
  hasSupabaseUrl: true,
  hasSupabaseKey: true,
  urlSource: 'REACT_APP_SUPABASE_URL',
  keySource: 'REACT_APP_SUPABASE_ANON_KEY',
  urlLength: 40,
  keyLength: 208
}
node:events:492
      throw er; // Unhandled 'error' event
      ^

Error: listen EADDRINUSE: address already in use :::3001
    at __node_internal_captureLargerStackTrace (node:internal/errors:496:5)
    at __node_internal_uvExceptionWithHostPort (node:internal/errors:593:12)
    at Server.setupListenHandle [as _listen2] (node:net:1872:16)
    at listenInCluster (node:net:1920:12)
    at Server.listen (node:net:2008:7)
    at Function.listen (/Users/sairaghavaa/Documents/GitHub/sol-analytics/server/node_modules/express/lib/application.js:635:24)
    at <anonymous> (/Users/sairaghavaa/Documents/GitHub/sol-analytics/server/src/index.ts:67:5)
    at ModuleJob.run (node:internal/modules/esm/module_job:192:25)
    at async CustomizedModuleLoader.import (node:internal/modules/esm/loader:228:24)
    at async loadESM (node:internal/process/esm_loader:40:7)
    at async handleMainPromise (node:internal/modules/run_main:66:12)
Emitted 'error' event on Server instance at:
    at emitErrorNT (node:net:1899:8)
    at process.processTicksAndRejections (node:internal/process/task_queues:82:21) {
  code: 'EADDRINUSE',
  errno: -48,
  syscall: 'listen',
  address: '::',
  port: 3001
}

Node.js v20.5.0
6:18:46 PM [tsx] change in ./src/services/protocolService.ts Rerunning...
cSupabase Environment Check: {
  hasSupabaseUrl: true,
  hasSupabaseKey: true,
  urlSource: 'REACT_APP_SUPABASE_URL',
  keySource: 'REACT_APP_SUPABASE_ANON_KEY',
  urlLength: 40,
  keyLength: 208
}
node:events:492
      throw er; // Unhandled 'error' event
      ^

Error: listen EADDRINUSE: address already in use :::3001
    at __node_internal_captureLargerStackTrace (node:internal/errors:496:5)
    at __node_internal_uvExceptionWithHostPort (node:internal/errors:593:12)
    at Server.setupListenHandle [as _listen2] (node:net:1872:16)
    at listenInCluster (node:net:1920:12)
    at Server.listen (node:net:2008:7)
    at Function.listen (/Users/sairaghavaa/Documents/GitHub/sol-analytics/server/node_modules/express/lib/application.js:635:24)
    at <anonymous> (/Users/sairaghavaa/Documents/GitHub/sol-analytics/server/src/index.ts:67:5)
    at ModuleJob.run (node:internal/modules/esm/module_job:192:25)
    at async CustomizedModuleLoader.import (node:internal/modules/esm/loader:228:24)
    at async loadESM (node:internal/process/esm_loader:40:7)
    at async handleMainPromise (node:internal/modules/run_main:66:12)
Emitted 'error' event on Server instance at:
    at emitErrorNT (node:net:1899:8)
    at process.processTicksAndRejections (node:internal/process/task_queues:82:21) {
  code: 'EADDRINUSE',
  errno: -48,
  syscall: 'listen',
  address: '::',
  port: 3001
}

Node.js v20.5.0
6:19:06 PM [tsx] change in ./src/services/protocolService.ts Rerunning...
cSupabase Environment Check: {
  hasSupabaseUrl: true,
  hasSupabaseKey: true,
  urlSource: 'REACT_APP_SUPABASE_URL',
  keySource: 'REACT_APP_SUPABASE_ANON_KEY',
  urlLength: 40,
  keyLength: 208
}
node:events:492
      throw er; // Unhandled 'error' event
      ^

Error: listen EADDRINUSE: address already in use :::3001
    at __node_internal_captureLargerStackTrace (node:internal/errors:496:5)
    at __node_internal_uvExceptionWithHostPort (node:internal/errors:593:12)
    at Server.setupListenHandle [as _listen2] (node:net:1872:16)
    at listenInCluster (node:net:1920:12)
    at Server.listen (node:net:2008:7)
    at Function.listen (/Users/sairaghavaa/Documents/GitHub/sol-analytics/server/node_modules/express/lib/application.js:635:24)
    at <anonymous> (/Users/sairaghavaa/Documents/GitHub/sol-analytics/server/src/index.ts:67:5)
    at ModuleJob.run (node:internal/modules/esm/module_job:192:25)
    at async CustomizedModuleLoader.import (node:internal/modules/esm/loader:228:24)
    at async loadESM (node:internal/process/esm_loader:40:7)
    at async handleMainPromise (node:internal/modules/run_main:66:12)
Emitted 'error' event on Server instance at:
    at emitErrorNT (node:net:1899:8)
    at process.processTicksAndRejections (node:internal/process/task_queues:82:21) {
  code: 'EADDRINUSE',
  errno: -48,
  syscall: 'listen',
  address: '::',
  port: 3001
}

Node.js v20.5.0
6:20:20 PM [tsx] change in ./src/services/protocolService.ts Rerunning...
cSupabase Environment Check: {
  hasSupabaseUrl: true,
  hasSupabaseKey: true,
  urlSource: 'REACT_APP_SUPABASE_URL',
  keySource: 'REACT_APP_SUPABASE_ANON_KEY',
  urlLength: 40,
  keyLength: 208
}
node:events:492
      throw er; // Unhandled 'error' event
      ^

Error: listen EADDRINUSE: address already in use :::3001
    at __node_internal_captureLargerStackTrace (node:internal/errors:496:5)
    at __node_internal_uvExceptionWithHostPort (node:internal/errors:593:12)
    at Server.setupListenHandle [as _listen2] (node:net:1872:16)
    at listenInCluster (node:net:1920:12)
    at Server.listen (node:net:2008:7)
    at Function.listen (/Users/sairaghavaa/Documents/GitHub/sol-analytics/server/node_modules/express/lib/application.js:635:24)
    at <anonymous> (/Users/sairaghavaa/Documents/GitHub/sol-analytics/server/src/index.ts:67:5)
    at ModuleJob.run (node:internal/modules/esm/module_job:192:25)
    at async CustomizedModuleLoader.import (node:internal/modules/esm/loader:228:24)
    at async loadESM (node:internal/process/esm_loader:40:7)
    at async handleMainPromise (node:internal/modules/run_main:66:12)
Emitted 'error' event on Server instance at:
    at emitErrorNT (node:net:1899:8)
    at process.processTicksAndRejections (node:internal/process/task_queues:82:21) {
  code: 'EADDRINUSE',
  errno: -48,
  syscall: 'listen',
  address: '::',
  port: 3001
}

Node.js v20.5.0
6:20:47 PM [tsx] change in ./src/routes/protocolRoutes.ts Rerunning...
cSupabase Environment Check: {
  hasSupabaseUrl: true,
  hasSupabaseKey: true,
  urlSource: 'REACT_APP_SUPABASE_URL',
  keySource: 'REACT_APP_SUPABASE_ANON_KEY',
  urlLength: 40,
  keyLength: 208
}
node:events:492
      throw er; // Unhandled 'error' event
      ^

Error: listen EADDRINUSE: address already in use :::3001
    at __node_internal_captureLargerStackTrace (node:internal/errors:496:5)
    at __node_internal_uvExceptionWithHostPort (node:internal/errors:593:12)
    at Server.setupListenHandle [as _listen2] (node:net:1872:16)
    at listenInCluster (node:net:1920:12)
    at Server.listen (node:net:2008:7)
    at Function.listen (/Users/sairaghavaa/Documents/GitHub/sol-analytics/server/node_modules/express/lib/application.js:635:24)
    at <anonymous> (/Users/sairaghavaa/Documents/GitHub/sol-analytics/server/src/index.ts:67:5)
    at ModuleJob.run (node:internal/modules/esm/module_job:192:25)
    at async CustomizedModuleLoader.import (node:internal/modules/esm/loader:228:24)
    at async loadESM (node:internal/process/esm_loader:40:7)
    at async handleMainPromise (node:internal/modules/run_main:66:12)
Emitted 'error' event on Server instance at:
    at emitErrorNT (node:net:1899:8)
    at process.processTicksAndRejections (node:internal/process/task_queues:82:21) {
  code: 'EADDRINUSE',
  errno: -48,
  syscall: 'listen',
  address: '::',
  port: 3001
}

Node.js v20.5.0
6:21:08 PM [tsx] change in ./src/routes/protocolRoutes.ts Rerunning...
cSupabase Environment Check: {
  hasSupabaseUrl: true,
  hasSupabaseKey: true,
  urlSource: 'REACT_APP_SUPABASE_URL',
  keySource: 'REACT_APP_SUPABASE_ANON_KEY',
  urlLength: 40,
  keyLength: 208
}
node:events:492
      throw er; // Unhandled 'error' event
      ^

Error: listen EADDRINUSE: address already in use :::3001
    at __node_internal_captureLargerStackTrace (node:internal/errors:496:5)
    at __node_internal_uvExceptionWithHostPort (node:internal/errors:593:12)
    at Server.setupListenHandle [as _listen2] (node:net:1872:16)
    at listenInCluster (node:net:1920:12)
    at Server.listen (node:net:2008:7)
    at Function.listen (/Users/sairaghavaa/Documents/GitHub/sol-analytics/server/node_modules/express/lib/application.js:635:24)
    at <anonymous> (/Users/sairaghavaa/Documents/GitHub/sol-analytics/server/src/index.ts:67:5)
    at ModuleJob.run (node:internal/modules/esm/module_job:192:25)
    at async CustomizedModuleLoader.import (node:internal/modules/esm/loader:228:24)
    at async loadESM (node:internal/process/esm_loader:40:7)
    at async handleMainPromise (node:internal/modules/run_main:66:12)
Emitted 'error' event on Server instance at:
    at emitErrorNT (node:net:1899:8)
    at process.processTicksAndRejections (node:internal/process/task_queues:82:21) {
  code: 'EADDRINUSE',
  errno: -48,
  syscall: 'listen',
  address: '::',
  port: 3001
}

Node.js v20.5.0
6:24:20 PM [tsx] change in ./src/services/unifiedProtocolService.ts Rerunning...
cSupabase Environment Check: {
  hasSupabaseUrl: true,
  hasSupabaseKey: true,
  urlSource: 'REACT_APP_SUPABASE_URL',
  keySource: 'REACT_APP_SUPABASE_ANON_KEY',
  urlLength: 40,
  keyLength: 208
}
node:events:492
      throw er; // Unhandled 'error' event
      ^

Error: listen EADDRINUSE: address already in use :::3001
    at __node_internal_captureLargerStackTrace (node:internal/errors:496:5)
    at __node_internal_uvExceptionWithHostPort (node:internal/errors:593:12)
    at Server.setupListenHandle [as _listen2] (node:net:1872:16)
    at listenInCluster (node:net:1920:12)
    at Server.listen (node:net:2008:7)
    at Function.listen (/Users/sairaghavaa/Documents/GitHub/sol-analytics/server/node_modules/express/lib/application.js:635:24)
    at <anonymous> (/Users/sairaghavaa/Documents/GitHub/sol-analytics/server/src/index.ts:67:5)
    at ModuleJob.run (node:internal/modules/esm/module_job:192:25)
    at async CustomizedModuleLoader.import (node:internal/modules/esm/loader:228:24)
    at async loadESM (node:internal/process/esm_loader:40:7)
    at async handleMainPromise (node:internal/modules/run_main:66:12)
Emitted 'error' event on Server instance at:
    at emitErrorNT (node:net:1899:8)
    at process.processTicksAndRejections (node:internal/process/task_queues:82:21) {
  code: 'EADDRINUSE',
  errno: -48,
  syscall: 'listen',
  address: '::',
  port: 3001
}

Node.js v20.5.0
7:05:53 PM [tsx] change in ./src/routes/protocolRoutes.ts Rerunning...
cSupabase Environment Check: {
  hasSupabaseUrl: true,
  hasSupabaseKey: true,
  urlSource: 'REACT_APP_SUPABASE_URL',
  keySource: 'REACT_APP_SUPABASE_ANON_KEY',
  urlLength: 40,
  keyLength: 208
}
node:events:492
      throw er; // Unhandled 'error' event
      ^

Error: listen EADDRINUSE: address already in use :::3001
    at __node_internal_captureLargerStackTrace (node:internal/errors:496:5)
    at __node_internal_uvExceptionWithHostPort (node:internal/errors:593:12)
    at Server.setupListenHandle [as _listen2] (node:net:1872:16)
    at listenInCluster (node:net:1920:12)
    at Server.listen (node:net:2008:7)
    at Function.listen (/Users/sairaghavaa/Documents/GitHub/sol-analytics/server/node_modules/express/lib/application.js:635:24)
    at <anonymous> (/Users/sairaghavaa/Documents/GitHub/sol-analytics/server/src/index.ts:67:5)
    at ModuleJob.run (node:internal/modules/esm/module_job:192:25)
    at async CustomizedModuleLoader.import (node:internal/modules/esm/loader:228:24)
    at async loadESM (node:internal/process/esm_loader:40:7)
    at async handleMainPromise (node:internal/modules/run_main:66:12)
Emitted 'error' event on Server instance at:
    at emitErrorNT (node:net:1899:8)
    at process.processTicksAndRejections (node:internal/process/task_queues:82:21) {
  code: 'EADDRINUSE',
  errno: -48,
  syscall: 'listen',
  address: '::',
  port: 3001
}

Node.js v20.5.0
8:27:17 PM [tsx] change in ./src/services/protocolService.ts Rerunning...
cSupabase Environment Check: {
  hasSupabaseUrl: true,
  hasSupabaseKey: true,
  urlSource: 'REACT_APP_SUPABASE_URL',
  keySource: 'REACT_APP_SUPABASE_ANON_KEY',
  urlLength: 40,
  keyLength: 208
}
node:events:492
      throw er; // Unhandled 'error' event
      ^

Error: listen EADDRINUSE: address already in use :::3001
    at __node_internal_captureLargerStackTrace (node:internal/errors:496:5)
    at __node_internal_uvExceptionWithHostPort (node:internal/errors:593:12)
    at Server.setupListenHandle [as _listen2] (node:net:1872:16)
    at listenInCluster (node:net:1920:12)
    at Server.listen (node:net:2008:7)
    at Function.listen (/Users/sairaghavaa/Documents/GitHub/sol-analytics/server/node_modules/express/lib/application.js:635:24)
    at <anonymous> (/Users/sairaghavaa/Documents/GitHub/sol-analytics/server/src/index.ts:67:5)
    at ModuleJob.run (node:internal/modules/esm/module_job:192:25)
    at async CustomizedModuleLoader.import (node:internal/modules/esm/loader:228:24)
    at async loadESM (node:internal/process/esm_loader:40:7)
    at async handleMainPromise (node:internal/modules/run_main:66:12)
Emitted 'error' event on Server instance at:
    at emitErrorNT (node:net:1899:8)
    at process.processTicksAndRejections (node:internal/process/task_queues:82:21) {
  code: 'EADDRINUSE',
  errno: -48,
  syscall: 'listen',
  address: '::',
  port: 3001
}

Node.js v20.5.0
8:29:03 PM [tsx] change in ./src/services/protocolService.ts Rerunning...
cSupabase Environment Check: {
  hasSupabaseUrl: true,
  hasSupabaseKey: true,
  urlSource: 'REACT_APP_SUPABASE_URL',
  keySource: 'REACT_APP_SUPABASE_ANON_KEY',
  urlLength: 40,
  keyLength: 208
}
node:events:492
      throw er; // Unhandled 'error' event
      ^

Error: listen EADDRINUSE: address already in use :::3001
    at __node_internal_captureLargerStackTrace (node:internal/errors:496:5)
    at __node_internal_uvExceptionWithHostPort (node:internal/errors:593:12)
    at Server.setupListenHandle [as _listen2] (node:net:1872:16)
    at listenInCluster (node:net:1920:12)
    at Server.listen (node:net:2008:7)
    at Function.listen (/Users/sairaghavaa/Documents/GitHub/sol-analytics/server/node_modules/express/lib/application.js:635:24)
    at <anonymous> (/Users/sairaghavaa/Documents/GitHub/sol-analytics/server/src/index.ts:67:5)
    at ModuleJob.run (node:internal/modules/esm/module_job:192:25)
    at async CustomizedModuleLoader.import (node:internal/modules/esm/loader:228:24)
    at async loadESM (node:internal/process/esm_loader:40:7)
    at async handleMainPromise (node:internal/modules/run_main:66:12)
Emitted 'error' event on Server instance at:
    at emitErrorNT (node:net:1899:8)
    at process.processTicksAndRejections (node:internal/process/task_queues:82:21) {
  code: 'EADDRINUSE',
  errno: -48,
  syscall: 'listen',
  address: '::',
  port: 3001
}

Node.js v20.5.0
8:29:59 PM [tsx] change in ./src/services/protocolService.ts Rerunning...
cSupabase Environment Check: {
  hasSupabaseUrl: true,
  hasSupabaseKey: true,
  urlSource: 'REACT_APP_SUPABASE_URL',
  keySource: 'REACT_APP_SUPABASE_ANON_KEY',
  urlLength: 40,
  keyLength: 208
}
node:events:492
      throw er; // Unhandled 'error' event
      ^

Error: listen EADDRINUSE: address already in use :::3001
    at __node_internal_captureLargerStackTrace (node:internal/errors:496:5)
    at __node_internal_uvExceptionWithHostPort (node:internal/errors:593:12)
    at Server.setupListenHandle [as _listen2] (node:net:1872:16)
    at listenInCluster (node:net:1920:12)
    at Server.listen (node:net:2008:7)
    at Function.listen (/Users/sairaghavaa/Documents/GitHub/sol-analytics/server/node_modules/express/lib/application.js:635:24)
    at <anonymous> (/Users/sairaghavaa/Documents/GitHub/sol-analytics/server/src/index.ts:67:5)
    at ModuleJob.run (node:internal/modules/esm/module_job:192:25)
    at async CustomizedModuleLoader.import (node:internal/modules/esm/loader:228:24)
    at async loadESM (node:internal/process/esm_loader:40:7)
    at async handleMainPromise (node:internal/modules/run_main:66:12)
Emitted 'error' event on Server instance at:
    at emitErrorNT (node:net:1899:8)
    at process.processTicksAndRejections (node:internal/process/task_queues:82:21) {
  code: 'EADDRINUSE',
  errno: -48,
  syscall: 'listen',
  address: '::',
  port: 3001
}

Node.js v20.5.0
8:34:22 PM [tsx] change in ./src/services/protocolService.ts Rerunning...
cSupabase Environment Check: {
  hasSupabaseUrl: true,
  hasSupabaseKey: true,
  urlSource: 'REACT_APP_SUPABASE_URL',
  keySource: 'REACT_APP_SUPABASE_ANON_KEY',
  urlLength: 40,
  keyLength: 208
}
node:events:492
      throw er; // Unhandled 'error' event
      ^

Error: listen EADDRINUSE: address already in use :::3001
    at __node_internal_captureLargerStackTrace (node:internal/errors:496:5)
    at __node_internal_uvExceptionWithHostPort (node:internal/errors:593:12)
    at Server.setupListenHandle [as _listen2] (node:net:1872:16)
    at listenInCluster (node:net:1920:12)
    at Server.listen (node:net:2008:7)
    at Function.listen (/Users/sairaghavaa/Documents/GitHub/sol-analytics/server/node_modules/express/lib/application.js:635:24)
    at <anonymous> (/Users/sairaghavaa/Documents/GitHub/sol-analytics/server/src/index.ts:67:5)
    at ModuleJob.run (node:internal/modules/esm/module_job:192:25)
    at async CustomizedModuleLoader.import (node:internal/modules/esm/loader:228:24)
    at async loadESM (node:internal/process/esm_loader:40:7)
    at async handleMainPromise (node:internal/modules/run_main:66:12)
Emitted 'error' event on Server instance at:
    at emitErrorNT (node:net:1899:8)
    at process.processTicksAndRejections (node:internal/process/task_queues:82:21) {
  code: 'EADDRINUSE',
  errno: -48,
  syscall: 'listen',
  address: '::',
  port: 3001
}

Node.js v20.5.0
8:45:03 PM [tsx] change in ./src/services/protocolService.ts Rerunning...
cSupabase Environment Check: {
  hasSupabaseUrl: true,
  hasSupabaseKey: true,
  urlSource: 'REACT_APP_SUPABASE_URL',
  keySource: 'REACT_APP_SUPABASE_ANON_KEY',
  urlLength: 40,
  keyLength: 208
}
node:events:492
      throw er; // Unhandled 'error' event
      ^

Error: listen EADDRINUSE: address already in use :::3001
    at __node_internal_captureLargerStackTrace (node:internal/errors:496:5)
    at __node_internal_uvExceptionWithHostPort (node:internal/errors:593:12)
    at Server.setupListenHandle [as _listen2] (node:net:1872:16)
    at listenInCluster (node:net:1920:12)
    at Server.listen (node:net:2008:7)
    at Function.listen (/Users/sairaghavaa/Documents/GitHub/sol-analytics/server/node_modules/express/lib/application.js:635:24)
    at <anonymous> (/Users/sairaghavaa/Documents/GitHub/sol-analytics/server/src/index.ts:67:5)
    at ModuleJob.run (node:internal/modules/esm/module_job:192:25)
    at async CustomizedModuleLoader.import (node:internal/modules/esm/loader:228:24)
    at async loadESM (node:internal/process/esm_loader:40:7)
    at async handleMainPromise (node:internal/modules/run_main:66:12)
Emitted 'error' event on Server instance at:
    at emitErrorNT (node:net:1899:8)
    at process.processTicksAndRejections (node:internal/process/task_queues:82:21) {
  code: 'EADDRINUSE',
  errno: -48,
  syscall: 'listen',
  address: '::',
  port: 3001
}

Node.js v20.5.0
8:48:35 PM [tsx] change in ./src/routes/protocolRoutes.ts Rerunning...
cSupabase Environment Check: {
  hasSupabaseUrl: true,
  hasSupabaseKey: true,
  urlSource: 'REACT_APP_SUPABASE_URL',
  keySource: 'REACT_APP_SUPABASE_ANON_KEY',
  urlLength: 40,
  keyLength: 208
}
node:events:492
      throw er; // Unhandled 'error' event
      ^

Error: listen EADDRINUSE: address already in use :::3001
    at __node_internal_captureLargerStackTrace (node:internal/errors:496:5)
    at __node_internal_uvExceptionWithHostPort (node:internal/errors:593:12)
    at Server.setupListenHandle [as _listen2] (node:net:1872:16)
    at listenInCluster (node:net:1920:12)
    at Server.listen (node:net:2008:7)
    at Function.listen (/Users/sairaghavaa/Documents/GitHub/sol-analytics/server/node_modules/express/lib/application.js:635:24)
    at <anonymous> (/Users/sairaghavaa/Documents/GitHub/sol-analytics/server/src/index.ts:67:5)
    at ModuleJob.run (node:internal/modules/esm/module_job:192:25)
    at async CustomizedModuleLoader.import (node:internal/modules/esm/loader:228:24)
    at async loadESM (node:internal/process/esm_loader:40:7)
    at async handleMainPromise (node:internal/modules/run_main:66:12)
Emitted 'error' event on Server instance at:
    at emitErrorNT (node:net:1899:8)
    at process.processTicksAndRejections (node:internal/process/task_queues:82:21) {
  code: 'EADDRINUSE',
  errno: -48,
  syscall: 'listen',
  address: '::',
  port: 3001
}

Node.js v20.5.0
8:55:13 PM [tsx] change in ./src/services/protocolService.ts Rerunning...
cSupabase Environment Check: {
  hasSupabaseUrl: true,
  hasSupabaseKey: true,
  urlSource: 'REACT_APP_SUPABASE_URL',
  keySource: 'REACT_APP_SUPABASE_ANON_KEY',
  urlLength: 40,
  keyLength: 208
}
node:events:492
      throw er; // Unhandled 'error' event
      ^

Error: listen EADDRINUSE: address already in use :::3001
    at __node_internal_captureLargerStackTrace (node:internal/errors:496:5)
    at __node_internal_uvExceptionWithHostPort (node:internal/errors:593:12)
    at Server.setupListenHandle [as _listen2] (node:net:1872:16)
    at listenInCluster (node:net:1920:12)
    at Server.listen (node:net:2008:7)
    at Function.listen (/Users/sairaghavaa/Documents/GitHub/sol-analytics/server/node_modules/express/lib/application.js:635:24)
    at <anonymous> (/Users/sairaghavaa/Documents/GitHub/sol-analytics/server/src/index.ts:67:5)
    at ModuleJob.run (node:internal/modules/esm/module_job:192:25)
    at async CustomizedModuleLoader.import (node:internal/modules/esm/loader:228:24)
    at async loadESM (node:internal/process/esm_loader:40:7)
    at async handleMainPromise (node:internal/modules/run_main:66:12)
Emitted 'error' event on Server instance at:
    at emitErrorNT (node:net:1899:8)
    at process.processTicksAndRejections (node:internal/process/task_queues:82:21) {
  code: 'EADDRINUSE',
  errno: -48,
  syscall: 'listen',
  address: '::',
  port: 3001
}

Node.js v20.5.0
8:56:06 PM [tsx] change in ./src/services/protocolService.ts Rerunning...
cSupabase Environment Check: {
  hasSupabaseUrl: true,
  hasSupabaseKey: true,
  urlSource: 'REACT_APP_SUPABASE_URL',
  keySource: 'REACT_APP_SUPABASE_ANON_KEY',
  urlLength: 40,
  keyLength: 208
}
node:events:492
      throw er; // Unhandled 'error' event
      ^

Error: listen EADDRINUSE: address already in use :::3001
    at __node_internal_captureLargerStackTrace (node:internal/errors:496:5)
    at __node_internal_uvExceptionWithHostPort (node:internal/errors:593:12)
    at Server.setupListenHandle [as _listen2] (node:net:1872:16)
    at listenInCluster (node:net:1920:12)
    at Server.listen (node:net:2008:7)
    at Function.listen (/Users/sairaghavaa/Documents/GitHub/sol-analytics/server/node_modules/express/lib/application.js:635:24)
    at <anonymous> (/Users/sairaghavaa/Documents/GitHub/sol-analytics/server/src/index.ts:67:5)
    at ModuleJob.run (node:internal/modules/esm/module_job:192:25)
    at async CustomizedModuleLoader.import (node:internal/modules/esm/loader:228:24)
    at async loadESM (node:internal/process/esm_loader:40:7)
    at async handleMainPromise (node:internal/modules/run_main:66:12)
Emitted 'error' event on Server instance at:
    at emitErrorNT (node:net:1899:8)
    at process.processTicksAndRejections (node:internal/process/task_queues:82:21) {
  code: 'EADDRINUSE',
  errno: -48,
  syscall: 'listen',
  address: '::',
  port: 3001
}

Node.js v20.5.0
